<?xml version="1.0" encoding="UTF-8"?>
<!-- Generated by org.testng.reporters.JUnitReportReporter -->
<testsuite skipped="0" hostname="DESKTOP-5D5DIAH" name="NetflixLogin.NetflixLoginPage" tests="2" failures="0" timestamp="12 Feb 2018 22:55:39 GMT" time="13.801" errors="0">
  <testcase name="testanotherone" time="3.494" classname="NetflixLogin.NetflixLoginPage"/>
  <testcase name="testUntitled2" time="10.307" classname="NetflixLogin.NetflixLoginPage"/>
</testsuite> <!-- NetflixLogin.NetflixLoginPage -->
