<?xml version="1.0" encoding="UTF-8"?>
<!-- Generated by org.testng.reporters.JUnitReportReporter -->
<testsuite skipped="0" hostname="DESKTOP-5D5DIAH" name="NetflixLogin.NetflixLoginPage" tests="2" failures="0" timestamp="22 Feb 2018 04:58:33 GMT" time="21.010" errors="0">
  <testcase name="testanotherone" time="3.793" classname="NetflixLogin.NetflixLoginPage"/>
  <testcase name="testUntitled2" time="17.217" classname="NetflixLogin.NetflixLoginPage"/>
</testsuite> <!-- NetflixLogin.NetflixLoginPage -->
